<?xml version="1.0" encoding="UTF-8"?>
<!-- Generated by org.testng.reporters.JUnitReportReporter -->
<testsuite hostname="kali" failures="0" tests="1" name="projectautomation.Initilizedriver_test" time="0.812" errors="0" timestamp="2019-09-25T00:21:55 EDT" skipped="0">
  <testcase classname="projectautomation.Initilizedriver_test" name="url_initilize" time="0.812"/>
</testsuite> <!-- projectautomation.Initilizedriver_test -->
