<?xml version="1.0" encoding="UTF-8"?>
<!-- Generated by org.testng.reporters.JUnitReportReporter -->
<testsuite hostname="kali" failures="0" tests="13" name="projectautomation_deliverable_3_Test.Test_file_3" time="19.596" errors="0" timestamp="2019-10-01T04:14:04 EDT" skipped="0">
  <testcase classname="projectautomation_deliverable_3_Test.Test_file_3" name="url_initilize" time="3.190"/>
  <testcase classname="projectautomation_deliverable_3_Test.Test_file_3" name="Click_signin_homepage_test" time="1.359"/>
  <testcase classname="projectautomation_deliverable_3_Test.Test_file_3" name="Sign_in_page_Test" time="1.436"/>
  <testcase classname="projectautomation_deliverable_3_Test.Test_file_3" name="Click_Account_Information_Test" time="0.833"/>
  <testcase classname="projectautomation_deliverable_3_Test.Test_file_3" name="Edit_Details_Account_Test" time="2.952"/>
  <testcase classname="projectautomation_deliverable_3_Test.Test_file_3" name="Search_Test" time="1.387"/>
  <testcase classname="projectautomation_deliverable_3_Test.Test_file_3" name="Add_Cart_Test" time="2.363"/>
  <testcase classname="projectautomation_deliverable_3_Test.Test_file_3" name="Proceed_to_checkout_Summary_Test" time="0.930"/>
  <testcase classname="projectautomation_deliverable_3_Test.Test_file_3" name="Proceed_to_checkout_Test_address" time="1.016"/>
  <testcase classname="projectautomation_deliverable_3_Test.Test_file_3" name="Proceed_to_checkout_Test_shipping" time="1.293"/>
  <testcase classname="projectautomation_deliverable_3_Test.Test_file_3" name="Pay_check_test" time="0.778"/>
  <testcase classname="projectautomation_deliverable_3_Test.Test_file_3" name="Order_confirmation_test" time="1.988"/>
  <testcase classname="projectautomation_deliverable_3_Test.Test_file_3" name="Order_confirmation_print_test" time="0.071"/>
</testsuite> <!-- projectautomation_deliverable_3_Test.Test_file_3 -->
